nohup: всі аргументи проігноровані
INFO:     Started server process [62320]
INFO:     Waiting for application startup.
INFO:     Application startup complete.
INFO:     Uvicorn running on http://127.0.0.1:8000 (Press CTRL+C to quit)
INFO:     127.0.0.1:56366 - "GET / HTTP/1.1" 200 OK
INFO:     127.0.0.1:33592 - "GET / HTTP/1.1" 200 OK
INFO:     127.0.0.1:44118 - "GET /api/movement/status HTTP/1.1" 200 OK
INFO:     127.0.0.1:46274 - "POST /api/movement/move HTTP/1.1" 422 Unprocessable Entity
INFO:     127.0.0.1:52136 - "POST /api/movement/move HTTP/1.1" 200 OK
---------------init move------------------
Ameba initial position: row=  2  col=  4
visible_area.get_visible_energy() =
00 : ['0: 00', '1: 00', '2: 00', '3: 00', '4: 00', '5: 00', '6: 00', '7: 00', '8: 50', '9: 50', '10: 00']
01 : ['0: 50', '1: 00', '2: 50', '3: 00', '4: 50', '5: 00', '6: 00', '7: 00', '8: 00', '9: 00', '10: 00']
02 : ['0: 00', '1: 00', '2: 00', '3: 00', '4: 00', '5: 00', '6: 00', '7: 00', '8: 00', '9: 00', '10: 00']
03 : ['0: 00', '1: 00', '2: 00', '3: 00', '4: 00', '5: 00', '6: 50', '7: 00', '8: 00', '9: 00', '10: 00']
04 : ['0: 00', '1: 00', '2: 00', '3: 00', '4: 50', '5: 00', '6: 00', '7: 00', '8: 50', '9: 00', '10: 00']
05 : ['0: 00', '1: 50', '2: 00', '3: 50', '4: 00', '5: 00', '6: 00', '7: 00', '8: 00', '9: 00', '10: 00']
06 : ['0: 00', '1: 00', '2: 00', '3: 00', '4: 00', '5: 50', '6: 00', '7: 00', '8: 00', '9: 00', '10: 50']
07 : ['0: 00', '1: 00', '2: 00', '3: 00', '4: 00', '5: 00', '6: 00', '7: 00', '8: 00', '9: 00', '10: 00']
08 : ['0: 00', '1: 00', '2: 00', '3: 00', '4: 00', '5: 00', '6: 00', '7: 00', '8: 00', '9: 00', '10: 00']
09 : ['0: 00', '1: 50', '2: 00', '3: 00', '4: 00', '5: 00', '6: 50', '7: 00', '8: 00', '9: 00', '10: 00']
10 : ['0: 00', '1: 00', '2: 00', '3: 00', '4: 00', '5: 00', '6: 00', '7: 50', '8: 00', '9: 00', '10: 00']
Neural network output = tensor([  721.4981,  -879.3788,  1420.3975, -1165.1531])
prediction_item = 2
new_position = 1 0
+++++++++++++++ move end +++++++++++++++
---------------init move------------------
Ameba initial position: row=  3  col=  4
visible_area.get_visible_energy() =
00 : ['0: 50', '1: 00', '2: 50', '3: 00', '4: 50', '5: 00', '6: 00', '7: 00', '8: 00', '9: 00', '10: 00']
01 : ['0: 00', '1: 00', '2: 00', '3: 00', '4: 00', '5: 00', '6: 00', '7: 00', '8: 00', '9: 00', '10: 00']
02 : ['0: 00', '1: 00', '2: 00', '3: 00', '4: 00', '5: 00', '6: 50', '7: 00', '8: 00', '9: 00', '10: 00']
03 : ['0: 00', '1: 00', '2: 00', '3: 00', '4: 50', '5: 00', '6: 00', '7: 00', '8: 50', '9: 00', '10: 00']
04 : ['0: 00', '1: 50', '2: 00', '3: 50', '4: 00', '5: 00', '6: 00', '7: 00', '8: 00', '9: 00', '10: 00']
05 : ['0: 00', '1: 00', '2: 00', '3: 00', '4: 00', '5: 00', '6: 00', '7: 00', '8: 00', '9: 00', '10: 50']
06 : ['0: 00', '1: 00', '2: 00', '3: 00', '4: 00', '5: 00', '6: 00', '7: 00', '8: 00', '9: 00', '10: 00']
07 : ['0: 00', '1: 00', '2: 00', '3: 00', '4: 00', '5: 00', '6: 00', '7: 00', '8: 00', '9: 00', '10: 00']
08 : ['0: 00', '1: 50', '2: 00', '3: 00', '4: 00', '5: 00', '6: 50', '7: 00', '8: 00', '9: 00', '10: 00']
09 : ['0: 00', '1: 00', '2: 00', '3: 00', '4: 00', '5: 00', '6: 00', '7: 50', '8: 00', '9: 00', '10: 00']
10 : ['0: 00', '1: 50', '2: 50', '3: 00', '4: 00', '5: 00', '6: 00', '7: 00', '8: 00', '9: 00', '10: 00']
Neural network output = tensor([ 2051.7488, -2189.6306,  -514.7444,   667.5468])
prediction_item = 0
new_position = -1 0
+++++++++++++++ move end +++++++++++++++
---------------init move------------------
Ameba initial position: row=  2  col=  4
visible_area.get_visible_energy() =
00 : ['0: 00', '1: 00', '2: 00', '3: 00', '4: 00', '5: 00', '6: 00', '7: 00', '8: 50', '9: 50', '10: 00']
01 : ['0: 50', '1: 00', '2: 50', '3: 00', '4: 50', '5: 00', '6: 00', '7: 00', '8: 00', '9: 00', '10: 00']
02 : ['0: 00', '1: 00', '2: 00', '3: 00', '4: 00', '5: 00', '6: 00', '7: 00', '8: 00', '9: 00', '10: 00']
03 : ['0: 00', '1: 00', '2: 00', '3: 00', '4: 00', '5: 00', '6: 50', '7: 00', '8: 00', '9: 00', '10: 00']
04 : ['0: 00', '1: 00', '2: 00', '3: 00', '4: 50', '5: 00', '6: 00', '7: 00', '8: 50', '9: 00', '10: 00']
05 : ['0: 00', '1: 50', '2: 00', '3: 50', '4: 00', '5: 00', '6: 00', '7: 00', '8: 00', '9: 00', '10: 00']
06 : ['0: 00', '1: 00', '2: 00', '3: 00', '4: 00', '5: 00', '6: 00', '7: 00', '8: 00', '9: 00', '10: 50']
07 : ['0: 00', '1: 00', '2: 00', '3: 00', '4: 00', '5: 00', '6: 00', '7: 00', '8: 00', '9: 00', '10: 00']
08 : ['0: 00', '1: 00', '2: 00', '3: 00', '4: 00', '5: 00', '6: 00', '7: 00', '8: 00', '9: 00', '10: 00']
09 : ['0: 00', '1: 50', '2: 00', '3: 00', '4: 00', '5: 00', '6: 50', '7: 00', '8: 00', '9: 00', '10: 00']
10 : ['0: 00', '1: 00', '2: 00', '3: 00', '4: 00', '5: 00', '6: 00', '7: 50', '8: 00', '9: 00', '10: 00']
Neural network output = tensor([ 1633.0544,  -554.0110, -1131.7725,    14.6178])
prediction_item = 0
new_position = -1 0
+++++++++++++++ move end +++++++++++++++
INFO:     127.0.0.1:37136 - "POST /api/movement/simulate HTTP/1.1" 200 OK
INFO:     127.0.0.1:37140 - "GET /health HTTP/1.1" 200 OK
INFO:     127.0.0.1:44244 - "GET / HTTP/1.1" 200 OK
INFO:     127.0.0.1:44250 - "GET /health HTTP/1.1" 200 OK
INFO:     127.0.0.1:44262 - "GET /api/movement/status HTTP/1.1" 200 OK
---------------init move------------------
Ameba initial position: row=  1  col=  4
visible_area.get_visible_energy() =
00 : ['0: 00', '1: 50', '2: 50', '3: 00', '4: 00', '5: 00', '6: 00', '7: 00', '8: 00', '9: 00', '10: 00']
01 : ['0: 00', '1: 00', '2: 00', '3: 00', '4: 00', '5: 00', '6: 00', '7: 00', '8: 50', '9: 50', '10: 00']
02 : ['0: 50', '1: 00', '2: 50', '3: 00', '4: 50', '5: 00', '6: 00', '7: 00', '8: 00', '9: 00', '10: 00']
03 : ['0: 00', '1: 00', '2: 00', '3: 00', '4: 00', '5: 00', '6: 00', '7: 00', '8: 00', '9: 00', '10: 00']
04 : ['0: 00', '1: 00', '2: 00', '3: 00', '4: 00', '5: 00', '6: 50', '7: 00', '8: 00', '9: 00', '10: 00']
05 : ['0: 00', '1: 00', '2: 00', '3: 00', '4: 50', '5: 00', '6: 00', '7: 00', '8: 50', '9: 00', '10: 00']
06 : ['0: 00', '1: 50', '2: 00', '3: 50', '4: 00', '5: 00', '6: 00', '7: 00', '8: 00', '9: 00', '10: 00']
07 : ['0: 00', '1: 00', '2: 00', '3: 00', '4: 00', '5: 00', '6: 00', '7: 00', '8: 00', '9: 00', '10: 50']
08 : ['0: 00', '1: 00', '2: 00', '3: 00', '4: 00', '5: 00', '6: 00', '7: 00', '8: 00', '9: 00', '10: 00']
09 : ['0: 00', '1: 00', '2: 00', '3: 00', '4: 00', '5: 00', '6: 00', '7: 00', '8: 00', '9: 00', '10: 00']
10 : ['0: 00', '1: 50', '2: 00', '3: 00', '4: 00', '5: 00', '6: 50', '7: 00', '8: 00', '9: 00', '10: 00']
Neural network output = tensor([ 1860.6696, -2512.4082, -2343.4773,  3125.8887])
prediction_item = 3
new_position = 0 -1
+++++++++++++++ move end +++++++++++++++
INFO:     127.0.0.1:44268 - "POST /api/movement/move HTTP/1.1" 200 OK
---------------init move------------------
Ameba initial position: row=  1  col=  3
visible_area.get_visible_energy() =
00 : ['0: 00', '1: 00', '2: 50', '3: 50', '4: 00', '5: 00', '6: 00', '7: 00', '8: 00', '9: 00', '10: 00']
01 : ['0: 00', '1: 00', '2: 00', '3: 00', '4: 00', '5: 00', '6: 00', '7: 00', '8: 00', '9: 50', '10: 50']
02 : ['0: 00', '1: 50', '2: 00', '3: 50', '4: 00', '5: 50', '6: 00', '7: 00', '8: 00', '9: 00', '10: 00']
03 : ['0: 00', '1: 00', '2: 00', '3: 00', '4: 00', '5: 00', '6: 00', '7: 00', '8: 00', '9: 00', '10: 00']
04 : ['0: 00', '1: 00', '2: 00', '3: 00', '4: 00', '5: 00', '6: 00', '7: 50', '8: 00', '9: 00', '10: 00']
05 : ['0: 00', '1: 00', '2: 00', '3: 00', '4: 00', '5: 00', '6: 00', '7: 00', '8: 00', '9: 50', '10: 00']
06 : ['0: 00', '1: 00', '2: 50', '3: 00', '4: 50', '5: 00', '6: 00', '7: 00', '8: 00', '9: 00', '10: 00']
07 : ['0: 50', '1: 00', '2: 00', '3: 00', '4: 00', '5: 00', '6: 00', '7: 00', '8: 00', '9: 00', '10: 00']
08 : ['0: 00', '1: 00', '2: 00', '3: 00', '4: 00', '5: 00', '6: 00', '7: 00', '8: 00', '9: 00', '10: 00']
09 : ['0: 00', '1: 00', '2: 00', '3: 00', '4: 00', '5: 00', '6: 00', '7: 00', '8: 00', '9: 00', '10: 00']
10 : ['0: 00', '1: 00', '2: 50', '3: 00', '4: 00', '5: 00', '6: 00', '7: 50', '8: 00', '9: 00', '10: 00']
Neural network output = tensor([  903.8912,   -91.2426,   789.8414, -1514.9866])
prediction_item = 0
new_position = -1 0
+++++++++++++++ move end +++++++++++++++
---------------init move------------------
Ameba initial position: row=  0  col=  3
visible_area.get_visible_energy() =
00 : ['0: 00', '1: 00', '2: 00', '3: 00', '4: 00', '5: 00', '6: 00', '7: 00', '8: 50', '9: 00', '10: 00']
01 : ['0: 00', '1: 00', '2: 50', '3: 50', '4: 00', '5: 00', '6: 00', '7: 00', '8: 00', '9: 00', '10: 00']
02 : ['0: 00', '1: 00', '2: 00', '3: 00', '4: 00', '5: 00', '6: 00', '7: 00', '8: 00', '9: 50', '10: 50']
03 : ['0: 00', '1: 50', '2: 00', '3: 50', '4: 00', '5: 50', '6: 00', '7: 00', '8: 00', '9: 00', '10: 00']
04 : ['0: 00', '1: 00', '2: 00', '3: 00', '4: 00', '5: 00', '6: 00', '7: 00', '8: 00', '9: 00', '10: 00']
05 : ['0: 00', '1: 00', '2: 00', '3: 00', '4: 00', '5: 00', '6: 00', '7: 50', '8: 00', '9: 00', '10: 00']
06 : ['0: 00', '1: 00', '2: 00', '3: 00', '4: 00', '5: 00', '6: 00', '7: 00', '8: 00', '9: 50', '10: 00']
07 : ['0: 00', '1: 00', '2: 50', '3: 00', '4: 50', '5: 00', '6: 00', '7: 00', '8: 00', '9: 00', '10: 00']
08 : ['0: 50', '1: 00', '2: 00', '3: 00', '4: 00', '5: 00', '6: 00', '7: 00', '8: 00', '9: 00', '10: 00']
09 : ['0: 00', '1: 00', '2: 00', '3: 00', '4: 00', '5: 00', '6: 00', '7: 00', '8: 00', '9: 00', '10: 00']
10 : ['0: 00', '1: 00', '2: 00', '3: 00', '4: 00', '5: 00', '6: 00', '7: 00', '8: 00', '9: 00', '10: 00']
Neural network output = tensor([ 1918.9939,   774.1562, -1405.4139, -1322.4476])
prediction_item = 0
new_position = -1 0
+++++++++++++++ move end +++++++++++++++
---------------init move------------------
Ameba initial position: row=  -1  col=  3
visible_area.get_visible_energy() =
00 : ['0: 00', '1: 00', '2: 50', '3: 00', '4: 00', '5: 00', '6: 00', '7: 50', '8: 00', '9: 00', '10: 00']
01 : ['0: 00', '1: 00', '2: 00', '3: 00', '4: 00', '5: 00', '6: 00', '7: 00', '8: 50', '9: 00', '10: 00']
02 : ['0: 00', '1: 00', '2: 50', '3: 50', '4: 00', '5: 00', '6: 00', '7: 00', '8: 00', '9: 00', '10: 00']
03 : ['0: 00', '1: 00', '2: 00', '3: 00', '4: 00', '5: 00', '6: 00', '7: 00', '8: 00', '9: 50', '10: 50']
04 : ['0: 00', '1: 50', '2: 00', '3: 50', '4: 00', '5: 50', '6: 00', '7: 00', '8: 00', '9: 00', '10: 00']
05 : ['0: 00', '1: 00', '2: 00', '3: 00', '4: 00', '5: 00', '6: 00', '7: 00', '8: 00', '9: 00', '10: 00']
06 : ['0: 00', '1: 00', '2: 00', '3: 00', '4: 00', '5: 00', '6: 00', '7: 50', '8: 00', '9: 00', '10: 00']
07 : ['0: 00', '1: 00', '2: 00', '3: 00', '4: 00', '5: 00', '6: 00', '7: 00', '8: 00', '9: 50', '10: 00']
08 : ['0: 00', '1: 00', '2: 50', '3: 00', '4: 50', '5: 00', '6: 00', '7: 00', '8: 00', '9: 00', '10: 00']
09 : ['0: 50', '1: 00', '2: 00', '3: 00', '4: 00', '5: 00', '6: 00', '7: 00', '8: 00', '9: 00', '10: 00']
10 : ['0: 00', '1: 00', '2: 00', '3: 00', '4: 00', '5: 00', '6: 00', '7: 00', '8: 00', '9: 00', '10: 00']
Neural network output = tensor([ 4621.2842, -1091.0520, -1342.4644, -2336.9365])
prediction_item = 0
new_position = -1 0
+++++++++++++++ move end +++++++++++++++
---------------init move------------------
Ameba initial position: row=  -2  col=  3
visible_area.get_visible_energy() =
00 : ['0: 00', '1: 00', '2: 00', '3: 00', '4: 00', '5: 00', '6: 00', '7: 00', '8: 00', '9: 00', '10: 00']
01 : ['0: 00', '1: 00', '2: 50', '3: 00', '4: 00', '5: 00', '6: 00', '7: 50', '8: 00', '9: 00', '10: 00']
02 : ['0: 00', '1: 00', '2: 00', '3: 00', '4: 00', '5: 00', '6: 00', '7: 00', '8: 50', '9: 00', '10: 00']
03 : ['0: 00', '1: 00', '2: 50', '3: 50', '4: 00', '5: 00', '6: 00', '7: 00', '8: 00', '9: 00', '10: 00']
04 : ['0: 00', '1: 00', '2: 00', '3: 00', '4: 00', '5: 00', '6: 00', '7: 00', '8: 00', '9: 50', '10: 50']
05 : ['0: 00', '1: 50', '2: 00', '3: 50', '4: 00', '5: 00', '6: 00', '7: 00', '8: 00', '9: 00', '10: 00']
06 : ['0: 00', '1: 00', '2: 00', '3: 00', '4: 00', '5: 00', '6: 00', '7: 00', '8: 00', '9: 00', '10: 00']
07 : ['0: 00', '1: 00', '2: 00', '3: 00', '4: 00', '5: 00', '6: 00', '7: 50', '8: 00', '9: 00', '10: 00']
08 : ['0: 00', '1: 00', '2: 00', '3: 00', '4: 00', '5: 00', '6: 00', '7: 00', '8: 00', '9: 50', '10: 00']
09 : ['0: 00', '1: 00', '2: 50', '3: 00', '4: 50', '5: 00', '6: 00', '7: 00', '8: 00', '9: 00', '10: 00']
10 : ['0: 50', '1: 00', '2: 00', '3: 00', '4: 00', '5: 00', '6: 00', '7: 00', '8: 00', '9: 00', '10: 00']
Neural network output = tensor([  583.7023, -1505.2312, -1208.5334,  2265.9941])
prediction_item = 3
new_position = 0 -1
+++++++++++++++ move end +++++++++++++++
---------------init move------------------
Ameba initial position: row=  -2  col=  2
visible_area.get_visible_energy() =
00 : ['0: 00', '1: 00', '2: 00', '3: 00', '4: 00', '5: 00', '6: 00', '7: 00', '8: 00', '9: 00', '10: 00']
01 : ['0: 00', '1: 00', '2: 00', '3: 50', '4: 00', '5: 00', '6: 00', '7: 00', '8: 50', '9: 00', '10: 00']
02 : ['0: 00', '1: 00', '2: 00', '3: 00', '4: 00', '5: 00', '6: 00', '7: 00', '8: 00', '9: 50', '10: 00']
03 : ['0: 00', '1: 00', '2: 00', '3: 50', '4: 50', '5: 00', '6: 00', '7: 00', '8: 00', '9: 00', '10: 00']
04 : ['0: 00', '1: 00', '2: 00', '3: 00', '4: 00', '5: 00', '6: 00', '7: 00', '8: 00', '9: 00', '10: 50']
05 : ['0: 00', '1: 00', '2: 50', '3: 00', '4: 50', '5: 00', '6: 00', '7: 00', '8: 00', '9: 00', '10: 00']
06 : ['0: 00', '1: 00', '2: 00', '3: 00', '4: 00', '5: 00', '6: 00', '7: 00', '8: 00', '9: 00', '10: 00']
07 : ['0: 00', '1: 00', '2: 00', '3: 00', '4: 00', '5: 00', '6: 00', '7: 00', '8: 50', '9: 00', '10: 00']
08 : ['0: 00', '1: 00', '2: 00', '3: 00', '4: 00', '5: 00', '6: 00', '7: 00', '8: 00', '9: 00', '10: 50']
09 : ['0: 00', '1: 00', '2: 00', '3: 50', '4: 00', '5: 50', '6: 00', '7: 00', '8: 00', '9: 00', '10: 00']
10 : ['0: 50', '1: 50', '2: 00', '3: 00', '4: 00', '5: 00', '6: 00', '7: 00', '8: 00', '9: 00', '10: 00']
Neural network output = tensor([  126.2867, -3108.6897, -1358.2415,  4705.9937])
prediction_item = 3
new_position = 0 -1
+++++++++++++++ move end +++++++++++++++
INFO:     127.0.0.1:44270 - "POST /api/movement/simulate HTTP/1.1" 500 Internal Server Error
---------------init move------------------
Ameba initial position: row=  -2  col=  1
visible_area.get_visible_energy() =
00 : ['0: 00', '1: 00', '2: 00', '3: 00', '4: 00', '5: 00', '6: 00', '7: 00', '8: 00', '9: 00', '10: 00']
01 : ['0: 00', '1: 00', '2: 00', '3: 00', '4: 50', '5: 00', '6: 00', '7: 00', '8: 00', '9: 50', '10: 00']
02 : ['0: 00', '1: 00', '2: 00', '3: 00', '4: 00', '5: 00', '6: 00', '7: 00', '8: 00', '9: 00', '10: 50']
03 : ['0: 00', '1: 00', '2: 00', '3: 00', '4: 50', '5: 50', '6: 00', '7: 00', '8: 00', '9: 00', '10: 00']
04 : ['0: 50', '1: 00', '2: 00', '3: 00', '4: 00', '5: 00', '6: 00', '7: 00', '8: 00', '9: 00', '10: 00']
05 : ['0: 00', '1: 00', '2: 00', '3: 50', '4: 00', '5: 00', '6: 00', '7: 00', '8: 00', '9: 00', '10: 00']
06 : ['0: 00', '1: 00', '2: 00', '3: 00', '4: 00', '5: 00', '6: 00', '7: 00', '8: 00', '9: 00', '10: 00']
07 : ['0: 00', '1: 00', '2: 00', '3: 00', '4: 00', '5: 00', '6: 00', '7: 00', '8: 00', '9: 50', '10: 00']
08 : ['0: 00', '1: 00', '2: 00', '3: 00', '4: 00', '5: 00', '6: 00', '7: 00', '8: 00', '9: 00', '10: 00']
09 : ['0: 00', '1: 00', '2: 00', '3: 00', '4: 50', '5: 00', '6: 50', '7: 00', '8: 00', '9: 00', '10: 00']
10 : ['0: 00', '1: 50', '2: 50', '3: 00', '4: 00', '5: 00', '6: 00', '7: 00', '8: 00', '9: 00', '10: 00']
Neural network output = tensor([ 1702.9600, -1428.1222, -1335.1261,  1057.9363])
prediction_item = 0
new_position = -1 0
+++++++++++++++ move end +++++++++++++++
---------------init move------------------
Ameba initial position: row=  -3  col=  1
visible_area.get_visible_energy() =
00 : ['0: 00', '1: 00', '2: 00', '3: 00', '4: 00', '5: 00', '6: 00', '7: 00', '8: 00', '9: 00', '10: 00']
01 : ['0: 00', '1: 00', '2: 00', '3: 00', '4: 00', '5: 00', '6: 00', '7: 00', '8: 00', '9: 00', '10: 00']
02 : ['0: 00', '1: 00', '2: 00', '3: 00', '4: 50', '5: 00', '6: 00', '7: 00', '8: 00', '9: 50', '10: 00']
03 : ['0: 00', '1: 00', '2: 00', '3: 00', '4: 00', '5: 00', '6: 00', '7: 00', '8: 00', '9: 00', '10: 50']
04 : ['0: 00', '1: 00', '2: 00', '3: 00', '4: 50', '5: 50', '6: 00', '7: 00', '8: 00', '9: 00', '10: 00']
05 : ['0: 50', '1: 00', '2: 00', '3: 00', '4: 00', '5: 00', '6: 00', '7: 00', '8: 00', '9: 00', '10: 00']
06 : ['0: 00', '1: 00', '2: 00', '3: 50', '4: 00', '5: 00', '6: 00', '7: 00', '8: 00', '9: 00', '10: 00']
07 : ['0: 00', '1: 00', '2: 00', '3: 00', '4: 00', '5: 00', '6: 00', '7: 00', '8: 00', '9: 00', '10: 00']
08 : ['0: 00', '1: 00', '2: 00', '3: 00', '4: 00', '5: 00', '6: 00', '7: 00', '8: 00', '9: 50', '10: 00']
09 : ['0: 00', '1: 00', '2: 00', '3: 00', '4: 00', '5: 00', '6: 00', '7: 00', '8: 00', '9: 00', '10: 00']
10 : ['0: 00', '1: 00', '2: 00', '3: 00', '4: 50', '5: 00', '6: 50', '7: 00', '8: 00', '9: 00', '10: 00']
Neural network output = tensor([ 7225.2554, -2265.1697, -3876.4675, -1353.4628])
prediction_item = 0
new_position = -1 0
+++++++++++++++ move end +++++++++++++++
---------------init move------------------
Ameba initial position: row=  -4  col=  1
visible_area.get_visible_energy() =
00 : ['0: 00', '1: 50', '2: 50', '3: 00', '4: 00', '5: 00', '6: 00', '7: 00', '8: 00', '9: 00', '10: 00']
01 : ['0: 00', '1: 00', '2: 00', '3: 00', '4: 00', '5: 00', '6: 00', '7: 00', '8: 00', '9: 00', '10: 00']
02 : ['0: 00', '1: 00', '2: 00', '3: 00', '4: 00', '5: 00', '6: 00', '7: 00', '8: 00', '9: 00', '10: 00']
03 : ['0: 00', '1: 00', '2: 00', '3: 00', '4: 50', '5: 00', '6: 00', '7: 00', '8: 00', '9: 50', '10: 00']
04 : ['0: 00', '1: 00', '2: 00', '3: 00', '4: 00', '5: 00', '6: 00', '7: 00', '8: 00', '9: 00', '10: 50']
05 : ['0: 00', '1: 00', '2: 00', '3: 00', '4: 50', '5: 00', '6: 00', '7: 00', '8: 00', '9: 00', '10: 00']
06 : ['0: 50', '1: 00', '2: 00', '3: 00', '4: 00', '5: 00', '6: 00', '7: 00', '8: 00', '9: 00', '10: 00']
07 : ['0: 00', '1: 00', '2: 00', '3: 50', '4: 00', '5: 00', '6: 00', '7: 00', '8: 00', '9: 00', '10: 00']
08 : ['0: 00', '1: 00', '2: 00', '3: 00', '4: 00', '5: 00', '6: 00', '7: 00', '8: 00', '9: 00', '10: 00']
09 : ['0: 00', '1: 00', '2: 00', '3: 00', '4: 00', '5: 00', '6: 00', '7: 00', '8: 00', '9: 50', '10: 00']
10 : ['0: 00', '1: 00', '2: 00', '3: 00', '4: 00', '5: 00', '6: 00', '7: 00', '8: 00', '9: 00', '10: 00']
Neural network output = tensor([ -717.1417, -2241.1660,  -733.5497,  4047.6021])
prediction_item = 3
new_position = 0 -1
+++++++++++++++ move end +++++++++++++++
INFO:     127.0.0.1:44566 - "POST /api/movement/simulate HTTP/1.1" 500 Internal Server Error
